Using pre-set license
Built from '2020.3/staging' branch; Version is '2020.3.19f1 (68f137dc9bbe) revision 6877495'; Using compiler version '192528614'; Build Type 'Release'
OS: 'Windows 10 Home Single Language; OS build 22000.318; Version 2009; 64bit' Language: 'es' Physical Memory: 7934 MB
BatchMode: 1, IsHumanControllingUs: 0, StartBugReporterOnCrash: 0, Is64bit: 1, IsPro: 0

COMMAND LINE ARGUMENTS:
C:\Program Files\Unity\Hub\Editor\2020.3.19f1\Editor\Unity.exe
-adb2
-batchMode
-noUpm
-name
AssetImportWorker0
-projectPath
D:/Ingenieria_7ª/Producciòn Videojuegos/PVI_SpaceMan
-logFile
Logs/AssetImportWorker0.log
-srvPort
49593
Successfully changed project path to: D:/Ingenieria_7ª/Producciòn Videojuegos/PVI_SpaceMan
D:/Ingenieria_7ª/Producciòn Videojuegos/PVI_SpaceMan
Using Asset Import Pipeline V2.
Refreshing native plugins compatible for Editor in 39.69 ms, found 3 plugins.
Preloading 0 native plugins for Editor in 0.00 ms.
Initialize engine version: 2020.3.19f1 (68f137dc9bbe)
[Subsystems] Discovering subsystems at path C:/Program Files/Unity/Hub/Editor/2020.3.19f1/Editor/Data/Resources/UnitySubsystems
[Subsystems] Discovering subsystems at path D:/Ingenieria_7ª/Producciòn Videojuegos/PVI_SpaceMan/Assets
GfxDevice: creating device client; threaded=0
Direct3D:
    Version:  Direct3D 11.0 [level 11.1]
    Renderer: Intel(R) UHD Graphics (ID=0x8a56)
    Vendor:   
    VRAM:     3967 MB
    Driver:   27.20.100.9664
Initialize mono
Mono path[0] = 'C:/Program Files/Unity/Hub/Editor/2020.3.19f1/Editor/Data/Managed'
Mono path[1] = 'C:/Program Files/Unity/Hub/Editor/2020.3.19f1/Editor/Data/MonoBleedingEdge/lib/mono/unityjit'
Mono config path = 'C:/Program Files/Unity/Hub/Editor/2020.3.19f1/Editor/Data/MonoBleedingEdge/etc'
Using monoOptions --debugger-agent=transport=dt_socket,embedding=1,server=y,suspend=n,address=127.0.0.1:56324
Begin MonoManager ReloadAssembly
Registering precompiled unity dll's ...
Register platform support module: C:/Program Files/Unity/Hub/Editor/2020.3.19f1/Editor/Data/PlaybackEngines/WebGLSupport/UnityEditor.WebGL.Extensions.dll
Register platform support module: C:/Program Files/Unity/Hub/Editor/2020.3.19f1/Editor/Data/PlaybackEngines/WindowsStandaloneSupport/UnityEditor.WindowsStandalone.Extensions.dll
Registered in 0.001640 seconds.
Native extension for WindowsStandalone target not found
Native extension for WebGL target not found
Refreshing native plugins compatible for Editor in 42.55 ms, found 3 plugins.
Preloading 0 native plugins for Editor in 0.00 ms.
Mono: successfully reloaded assembly
- Completed reload, in  1.816 seconds
Domain Reload Profiling:
	ReloadAssembly (1817ms)
		BeginReloadAssembly (53ms)
			ExecutionOrderSort (0ms)
			DisableScriptedObjects (0ms)
			BackupInstance (0ms)
			ReleaseScriptingObjects (0ms)
			CreateAndSetChildDomain (1ms)
		EndReloadAssembly (444ms)
			LoadAssemblies (52ms)
			RebuildTransferFunctionScriptingTraits (0ms)
			SetupTypeCache (167ms)
			ReleaseScriptCaches (0ms)
			RebuildScriptCaches (25ms)
			SetupLoadedEditorAssemblies (182ms)
				LogAssemblyErrors (0ms)
				InitializePlatformSupportModulesInManaged (5ms)
				SetLoadedEditorAssemblies (0ms)
				RefreshPlugins (43ms)
				BeforeProcessingInitializeOnLoad (35ms)
				ProcessInitializeOnLoadAttributes (75ms)
				ProcessInitializeOnLoadMethodAttributes (25ms)
				AfterProcessingInitializeOnLoad (0ms)
				EditorAssembliesLoaded (0ms)
			ExecutionOrderSort2 (0ms)
			AwakeInstancesAfterBackupRestoration (0ms)
Platform modules already initialized, skipping
Registering precompiled user dll's ...
Registered in 0.001638 seconds.
Begin MonoManager ReloadAssembly
Native extension for WindowsStandalone target not found
Native extension for WebGL target not found
Refreshing native plugins compatible for Editor in 42.39 ms, found 3 plugins.
Preloading 0 native plugins for Editor in 0.00 ms.
Mono: successfully reloaded assembly
- Completed reload, in  1.071 seconds
Domain Reload Profiling:
	ReloadAssembly (1071ms)
		BeginReloadAssembly (132ms)
			ExecutionOrderSort (0ms)
			DisableScriptedObjects (5ms)
			BackupInstance (0ms)
			ReleaseScriptingObjects (0ms)
			CreateAndSetChildDomain (17ms)
		EndReloadAssembly (881ms)
			LoadAssemblies (82ms)
			RebuildTransferFunctionScriptingTraits (0ms)
			SetupTypeCache (283ms)
			ReleaseScriptCaches (0ms)
			RebuildScriptCaches (46ms)
			SetupLoadedEditorAssemblies (329ms)
				LogAssemblyErrors (0ms)
				InitializePlatformSupportModulesInManaged (5ms)
				SetLoadedEditorAssemblies (0ms)
				RefreshPlugins (42ms)
				BeforeProcessingInitializeOnLoad (69ms)
				ProcessInitializeOnLoadAttributes (195ms)
				ProcessInitializeOnLoadMethodAttributes (12ms)
				AfterProcessingInitializeOnLoad (4ms)
				EditorAssembliesLoaded (0ms)
			ExecutionOrderSort2 (0ms)
			AwakeInstancesAfterBackupRestoration (7ms)
Platform modules already initialized, skipping
========================================================================
Worker process is ready to serve import requests
Launched and connected shader compiler UnityShaderCompiler.exe after 0.07 seconds
Refreshing native plugins compatible for Editor in 0.39 ms, found 3 plugins.
Preloading 0 native plugins for Editor in 0.00 ms.
Unloading 2006 Unused Serialized files (Serialized files now loaded: 0)
System memory in use before: 91.0 MB.
System memory in use after: 91.0 MB.

Unloading 26 unused Assets to reduce memory usage. Loaded Objects now: 2447.
Total: 2.477800 ms (FindLiveObjects: 0.149000 ms CreateObjectMapping: 0.055200 ms MarkObjects: 2.190400 ms  DeleteObjects: 0.081900 ms)

AssetImportParameters requested are different than current active one (requested -> active):
  custom:framework-win-MediaFoundation: 216162199b28c13a410421893ffa2e32 -> 
  custom:video-decoder-ogg-theora: a1e56fd34408186e4bbccfd4996cb3dc -> 
  custom:container-muxer-webm: aa71ff27fc2769a1b78a27578f13a17b -> 
  custom:container-demuxer-webm: 4f35f7cbe854078d1ac9338744f61a02 -> 
  custom:container-demuxer-ogg: 62fdf1f143b41e24485cea50d1cbac27 -> 
  custom:video-encoder-webm-vp8: eb34c28f22e8b96e1ab97ce403110664 -> 
  custom:video-codec-MediaFoundation-h265: 746d11721c4dcdbdad8f713fa42b33f4 -> 
  custom:video-decoder-webm-vp8: 9c59270c3fd7afecdb556c50c9e8de78 -> 
  custom:audio-decoder-ogg-vorbis: bf7c407c2cedff20999df2af8eb42d56 -> 
  custom:audio-encoder-webm-vorbis: bf7c407c2cedff20999df2af8eb42d56 -> 
========================================================================
Received Import Request.
  path: Assets/Scripts/GameManager.cs
  artifactKey: Guid(774c5a23d47d407458d659f9525daee9) Importer(815301076,1909f56bfc062723c751e8b465ee728b)
Start importing Assets/Scripts/GameManager.cs using Guid(774c5a23d47d407458d659f9525daee9) Importer(815301076,1909f56bfc062723c751e8b465ee728b)  -> (artifact id: '46aa2a93f1e35127d07d55f51acf6e9a') in 0.120391 seconds 
  Import took 0.123994 seconds .

========================================================================
Received Import Request.
  Time since last request: 0.000410 seconds.
  path: Assets/Scripts/ExitZone.cs
  artifactKey: Guid(0d8e93d13ae749c4fb22b1da4d16effb) Importer(815301076,1909f56bfc062723c751e8b465ee728b)
Start importing Assets/Scripts/ExitZone.cs using Guid(0d8e93d13ae749c4fb22b1da4d16effb) Importer(815301076,1909f56bfc062723c751e8b465ee728b)  -> (artifact id: 'adb86160ad706b7420d33d946a915a30') in 0.012683 seconds 
  Import took 0.016845 seconds .

========================================================================
Received Import Request.
  Time since last request: 0.000175 seconds.
  path: Assets/Scripts/Collectable.cs
  artifactKey: Guid(16f7fe5dfa00cf841ac422985bed93c8) Importer(815301076,1909f56bfc062723c751e8b465ee728b)
Start importing Assets/Scripts/Collectable.cs using Guid(16f7fe5dfa00cf841ac422985bed93c8) Importer(815301076,1909f56bfc062723c751e8b465ee728b)  -> (artifact id: 'e6dfb3a484595fed255894ceb5d49c73') in 0.011211 seconds 
  Import took 0.017034 seconds .

========================================================================
Received Import Request.
  Time since last request: 0.000162 seconds.
  path: Assets/Scripts/CamaraFollow.cs
  artifactKey: Guid(8ae9727ea62247a47810936cfbe2675f) Importer(815301076,1909f56bfc062723c751e8b465ee728b)
Start importing Assets/Scripts/CamaraFollow.cs using Guid(8ae9727ea62247a47810936cfbe2675f) Importer(815301076,1909f56bfc062723c751e8b465ee728b)  -> (artifact id: '86a1426e8b142fd0c96865b72e2d6432') in 0.012322 seconds 
  Import took 0.017998 seconds .

========================================================================
Received Import Request.
  Time since last request: 0.000286 seconds.
  path: Assets/Scripts
  artifactKey: Guid(d3eb1db20eaf37c4db7be025682fcf4c) Importer(815301076,1909f56bfc062723c751e8b465ee728b)
Start importing Assets/Scripts using Guid(d3eb1db20eaf37c4db7be025682fcf4c) Importer(815301076,1909f56bfc062723c751e8b465ee728b)  -> (artifact id: 'cc058511f882d70ddd28d25f4659eaec') in 0.012768 seconds 
  Import took 0.018034 seconds .

========================================================================
Received Import Request.
  Time since last request: 0.000244 seconds.
  path: Assets/Scripts/Enemy.cs
  artifactKey: Guid(35cac2af5ce51a34f8794911dc73e9d4) Importer(815301076,1909f56bfc062723c751e8b465ee728b)
Start importing Assets/Scripts/Enemy.cs using Guid(35cac2af5ce51a34f8794911dc73e9d4) Importer(815301076,1909f56bfc062723c751e8b465ee728b)  -> (artifact id: '8f3b82f6cbcbe8e75abc7340f3bdc07a') in 0.012709 seconds 
  Import took 0.018120 seconds .

========================================================================
Received Import Request.
  Time since last request: 1.460910 seconds.
  path: Assets/Scripts/GameView.cs
  artifactKey: Guid(36cfbf37aa1b159489ce903c45dadd9f) Importer(815301076,1909f56bfc062723c751e8b465ee728b)
Start importing Assets/Scripts/GameView.cs using Guid(36cfbf37aa1b159489ce903c45dadd9f) Importer(815301076,1909f56bfc062723c751e8b465ee728b)  -> (artifact id: '52358c4b3bd7486cb278f9f8b82bf238') in 0.008237 seconds 
  Import took 0.011746 seconds .

========================================================================
Received Import Request.
  Time since last request: 0.746510 seconds.
  path: Assets/Scripts/KillZone.cs
  artifactKey: Guid(d71b7608f77e88e4aade2dd05400ca06) Importer(815301076,1909f56bfc062723c751e8b465ee728b)
Start importing Assets/Scripts/KillZone.cs using Guid(d71b7608f77e88e4aade2dd05400ca06) Importer(815301076,1909f56bfc062723c751e8b465ee728b)  -> (artifact id: '657f0c9e79de2f6ceeff13973897e572') in 0.013557 seconds 
  Import took 0.017371 seconds .

========================================================================
Received Import Request.
  Time since last request: 0.707405 seconds.
  path: Assets/Scripts/LevelBlock.cs
  artifactKey: Guid(23479a3efe3bab2419a11fba6e288df0) Importer(815301076,1909f56bfc062723c751e8b465ee728b)
Start importing Assets/Scripts/LevelBlock.cs using Guid(23479a3efe3bab2419a11fba6e288df0) Importer(815301076,1909f56bfc062723c751e8b465ee728b)  -> (artifact id: '13512fedc45a846a25cd9e8abadd88eb') in 0.012536 seconds 
  Import took 0.016176 seconds .

========================================================================
Received Import Request.
  Time since last request: 0.449213 seconds.
  path: Assets/Scripts/LevelManager.cs
  artifactKey: Guid(2ab2b40abe378ac448f96b5c4e2837eb) Importer(815301076,1909f56bfc062723c751e8b465ee728b)
Start importing Assets/Scripts/LevelManager.cs using Guid(2ab2b40abe378ac448f96b5c4e2837eb) Importer(815301076,1909f56bfc062723c751e8b465ee728b)  -> (artifact id: '477724df01a922c92b84a06ee27a7ff1') in 0.011753 seconds 
  Import took 0.015658 seconds .

========================================================================
Received Import Request.
  Time since last request: 0.456111 seconds.
  path: Assets/Scripts/MenuManager.cs
  artifactKey: Guid(1c9cac8dcb2aa8041b9c564a6594d88a) Importer(815301076,1909f56bfc062723c751e8b465ee728b)
Start importing Assets/Scripts/MenuManager.cs using Guid(1c9cac8dcb2aa8041b9c564a6594d88a) Importer(815301076,1909f56bfc062723c751e8b465ee728b)  -> (artifact id: 'c313f8065d1097500e39bfdf2fe2a7c8') in 0.013134 seconds 
  Import took 0.018048 seconds .

========================================================================
Received Import Request.
  Time since last request: 0.440009 seconds.
  path: Assets/Scripts/MovingPlatform.cs
  artifactKey: Guid(7ac276409e625204382b5cb3a00ad307) Importer(815301076,1909f56bfc062723c751e8b465ee728b)
Start importing Assets/Scripts/MovingPlatform.cs using Guid(7ac276409e625204382b5cb3a00ad307) Importer(815301076,1909f56bfc062723c751e8b465ee728b)  -> (artifact id: 'a9f8cfbe425c6c0e533399bd34aad15a') in 0.012223 seconds 
  Import took 0.016650 seconds .

========================================================================
Received Import Request.
  Time since last request: 0.788512 seconds.
  path: Assets/Scripts/PlayerBar.cs
  artifactKey: Guid(c35d85529b4951f4aa24f4f1f5cf49f3) Importer(815301076,1909f56bfc062723c751e8b465ee728b)
Start importing Assets/Scripts/PlayerBar.cs using Guid(c35d85529b4951f4aa24f4f1f5cf49f3) Importer(815301076,1909f56bfc062723c751e8b465ee728b)  -> (artifact id: 'c25b2dd2febad792fb395385ae088660') in 0.026446 seconds 
  Import took 0.033064 seconds .

========================================================================
Received Import Request.
  Time since last request: 0.592713 seconds.
  path: Assets/Scripts/PlayerController.cs
  artifactKey: Guid(59fa418d98bbbac479a545a22bceb888) Importer(815301076,1909f56bfc062723c751e8b465ee728b)
Start importing Assets/Scripts/PlayerController.cs using Guid(59fa418d98bbbac479a545a22bceb888) Importer(815301076,1909f56bfc062723c751e8b465ee728b)  -> (artifact id: '0ef56ca0bde8feb00638b6bf491812f2') in 0.016319 seconds 
  Import took 0.020106 seconds .

AssetImportWorkerClient::OnTransportError - code=2 error=End of file
